e:\pole_chudes\pole_chudes\pole_chudes\debug\vc141.pdb
e:\pole_chudes\pole_chudes\pole_chudes\debug\startscreen.obj
e:\pole_chudes\pole_chudes\pole_chudes\debug\playingfield.obj
e:\pole_chudes\pole_chudes\pole_chudes\debug\options.obj
e:\pole_chudes\pole_chudes\pole_chudes\debug\.netframework,version=v4.5.2.assemblyattributes.obj
e:\pole_chudes\pole_chudes\pole_chudes\debug\.netframework,version=v4.5.2.assemblyattributes.asm
e:\pole_chudes\pole_chudes\pole_chudes\debug\player.obj
e:\pole_chudes\pole_chudes\debug\pole_chudes.exe
e:\pole_chudes\pole_chudes\debug\pole_chudes.pdb
e:\pole_chudes\pole_chudes\pole_chudes\debug\pole_chudes.startscreen.resources
e:\pole_chudes\pole_chudes\pole_chudes\debug\pole_chudes.playingfield.resources
e:\pole_chudes\pole_chudes\pole_chudes\debug\pole_chudes.vcxproj.generateresource.cache
e:\pole_chudes\pole_chudes\pole_chudes\debug\pole_chudes.vcxprojresolveassemblyreference.cache
e:\pole_chudes\pole_chudes\pole_chudes\debug\pole_chudes.tlog\cl.command.1.tlog
e:\pole_chudes\pole_chudes\pole_chudes\debug\pole_chudes.tlog\cl.read.1.tlog
e:\pole_chudes\pole_chudes\pole_chudes\debug\pole_chudes.tlog\cl.write.1.tlog
e:\pole_chudes\pole_chudes\pole_chudes\debug\pole_chudes.tlog\link.command.1.tlog
e:\pole_chudes\pole_chudes\pole_chudes\debug\pole_chudes.tlog\link.read.1.tlog
e:\pole_chudes\pole_chudes\pole_chudes\debug\pole_chudes.tlog\link.write.1.tlog
e:\pole_chudes\pole_chudes\pole_chudes\debug\pole_chudes.tlog\metagen.read.1.tlog
e:\pole_chudes\pole_chudes\pole_chudes\debug\pole_chudes.tlog\metagen.write.1.tlog
e:\pole_chudes\pole_chudes\pole_chudes\debug\pole_chudes.tlog\pole_chudes.write.1u.tlog
e:\pole_chudes\pole_chudes\pole_chudes\debug\pole_chudes.tlog\tzres.dll.bi
